13:11:10 - INFO - 
================================================================================
13:11:10 - INFO - POSCO STEEL DECARBONIZATION OPTIMIZATION
13:11:10 - INFO - NGFS Phase V Carbon Price Scenarios (US$2024)
13:11:10 - INFO - ================================================================================

13:11:10 - INFO - ✓ Using data file: data/posco_parameters_consolidated_v2_0.xlsx

13:11:10 - INFO - 
================================================================================
13:11:10 - INFO - SCENARIO: Net Zero 2050 ($383 in 2030, $638 in 2050)
13:11:10 - INFO - ================================================================================

13:11:10 - INFO - ================================================================================
13:11:10 - INFO - Running scenario: NGFS_NetZero2050
13:11:10 - INFO - ================================================================================
13:11:10 - INFO - Loading parameters...
13:11:10 - INFO - Loading parameters from data/posco_parameters_consolidated_v2_0.xlsx
13:11:10 - INFO - Carbon scenario: NGFS_NetZero2050, Grid: base, H2: baseline
13:11:10 - ERROR - ✗ Error running NGFS_NetZero2050: Missing required sheets: ['tech_routes', 'process_intensity', 'ef_scope1']
Traceback (most recent call last):
  File "/Users/jinsupark/jinsu-coding/opt_posco/opt_posco/run_ngfs_updated.py", line 51, in run_scenario
    params = posco_io.load_parameters(
             ^^^^^^^^^^^^^^^^^^^^^^^^^
  File "/Users/jinsupark/jinsu-coding/opt_posco/opt_posco/src/io.py", line 74, in load_parameters
    raise ValueError(f"Missing required sheets: {missing_sheets}")
ValueError: Missing required sheets: ['tech_routes', 'process_intensity', 'ef_scope1']
13:11:10 - ERROR - ✗ NGFS_NetZero2050 failed!
13:11:10 - INFO - 
================================================================================
13:11:10 - INFO - SUMMARY
13:11:10 - INFO - ================================================================================
13:11:10 - INFO -   NGFS_NetZero2050: ✗ FAILED
13:11:10 - INFO - ================================================================================

13:11:10 - INFO - ✓ All outputs saved to: outputs/
13:11:10 - INFO - ✓ Check series_*.csv files for time series results
13:11:10 - ERROR - 
✗ Some scenarios failed. Check logs above.
